<?xml version="1.0" encoding="UTF-8"?>
<!-- Generated by org.testng.reporters.JUnitReportReporter -->
<testsuite skipped="0" hostname="DESKTOP-GEM2PDO" name="MusalaSoft_Project.MusalaSoft_Assignment.AssignmentTests" tests="4" failures="0" timestamp="2021-11-27T23:02:32 EET" time="178.631" errors="0">
  <testcase name="FirstTest" time="38.600" classname="MusalaSoft_Project.MusalaSoft_Assignment.AssignmentTests"/>
  <system-out/>
  <testcase name="FourthTest" time="62.472" classname="MusalaSoft_Project.MusalaSoft_Assignment.AssignmentTests"/>
  <system-out/>
  <testcase name="SecondTest" time="37.261" classname="MusalaSoft_Project.MusalaSoft_Assignment.AssignmentTests"/>
  <system-out/>
  <testcase name="ThirdTest" time="40.298" classname="MusalaSoft_Project.MusalaSoft_Assignment.AssignmentTests"/>
  <system-out/>
</testsuite> <!-- MusalaSoft_Project.MusalaSoft_Assignment.AssignmentTests -->
